2025-10-08 20:29:22,470 - basicLogger - INFO - Periodic processing started
2025-10-08 20:29:24,567 - basicLogger - INFO - Received 0 search readings
2025-10-08 20:29:26,619 - basicLogger - INFO - Received 0 purchase readings
2025-10-08 20:29:26,622 - basicLogger - DEBUG - Updated statistics: {'num_search_readings': 0, 'max_search_count': 0, 'num_purchase_readings': 0, 'max_purchase_count': 0, 'last_updated': '2025-10-08T20:29:22.471Z'}
2025-10-08 20:29:26,622 - basicLogger - INFO - Periodic processing ended
2025-10-08 20:29:27,465 - basicLogger - INFO - Periodic processing started
2025-10-08 20:29:29,539 - basicLogger - INFO - Received 0 search readings
2025-10-08 20:29:31,584 - basicLogger - INFO - Received 0 purchase readings
2025-10-08 20:29:31,586 - basicLogger - DEBUG - Updated statistics: {'num_search_readings': 0, 'max_search_count': 0, 'num_purchase_readings': 0, 'max_purchase_count': 0, 'last_updated': '2025-10-08T20:29:27.484Z'}
2025-10-08 20:29:31,586 - basicLogger - INFO - Periodic processing ended
2025-10-08 20:29:32,466 - basicLogger - INFO - Periodic processing started
2025-10-08 20:29:34,528 - basicLogger - INFO - Received 0 search readings
2025-10-08 20:29:36,580 - basicLogger - INFO - Received 0 purchase readings
2025-10-08 20:29:36,582 - basicLogger - DEBUG - Updated statistics: {'num_search_readings': 0, 'max_search_count': 0, 'num_purchase_readings': 0, 'max_purchase_count': 0, 'last_updated': '2025-10-08T20:29:32.486Z'}
2025-10-08 20:29:36,582 - basicLogger - INFO - Periodic processing ended
2025-10-08 20:29:37,472 - basicLogger - INFO - Periodic processing started
2025-10-08 20:29:39,552 - basicLogger - INFO - Received 0 search readings
2025-10-08 20:30:00,511 - basicLogger - INFO - Periodic processing started
2025-10-08 20:30:02,621 - basicLogger - INFO - Received 0 search readings
2025-10-08 20:30:04,658 - basicLogger - INFO - Received 0 purchase readings
2025-10-08 20:30:04,660 - basicLogger - DEBUG - Updated statistics: {'num_search_readings': 0, 'max_search_count': 0, 'num_purchase_readings': 0, 'max_purchase_count': 0, 'last_updated': '2025-10-08T20:30:00.513Z'}
2025-10-08 20:30:04,660 - basicLogger - INFO - Periodic processing ended
2025-10-08 20:30:05,510 - basicLogger - INFO - Periodic processing started
2025-10-08 20:30:07,601 - basicLogger - INFO - Received 0 search readings
2025-10-08 20:30:09,647 - basicLogger - INFO - Received 0 purchase readings
2025-10-08 20:30:09,648 - basicLogger - DEBUG - Updated statistics: {'num_search_readings': 0, 'max_search_count': 0, 'num_purchase_readings': 0, 'max_purchase_count': 0, 'last_updated': '2025-10-08T20:30:05.549Z'}
2025-10-08 20:30:09,649 - basicLogger - INFO - Periodic processing ended
2025-10-08 20:30:10,514 - basicLogger - INFO - Periodic processing started
2025-10-08 20:30:12,588 - basicLogger - INFO - Received 0 search readings
2025-10-08 20:30:14,638 - basicLogger - INFO - Received 0 purchase readings
2025-10-08 20:30:14,639 - basicLogger - DEBUG - Updated statistics: {'num_search_readings': 0, 'max_search_count': 0, 'num_purchase_readings': 0, 'max_purchase_count': 0, 'last_updated': '2025-10-08T20:30:10.531Z'}
2025-10-08 20:30:14,639 - basicLogger - INFO - Periodic processing ended
2025-10-08 20:30:15,505 - basicLogger - INFO - Periodic processing started
2025-10-08 20:30:17,599 - basicLogger - INFO - Received 0 search readings
2025-10-08 20:30:19,656 - basicLogger - INFO - Received 0 purchase readings
2025-10-08 20:30:19,658 - basicLogger - DEBUG - Updated statistics: {'num_search_readings': 0, 'max_search_count': 0, 'num_purchase_readings': 0, 'max_purchase_count': 0, 'last_updated': '2025-10-08T20:30:15.531Z'}
2025-10-08 20:30:19,658 - basicLogger - INFO - Periodic processing ended
2025-10-08 20:30:20,516 - basicLogger - INFO - Periodic processing started
2025-10-08 20:30:22,593 - basicLogger - INFO - Received 0 search readings
2025-10-08 20:30:24,636 - basicLogger - INFO - Received 0 purchase readings
2025-10-08 20:30:24,637 - basicLogger - DEBUG - Updated statistics: {'num_search_readings': 0, 'max_search_count': 0, 'num_purchase_readings': 0, 'max_purchase_count': 0, 'last_updated': '2025-10-08T20:30:20.534Z'}
2025-10-08 20:30:24,638 - basicLogger - INFO - Periodic processing ended
2025-10-08 20:30:25,504 - basicLogger - INFO - Periodic processing started
2025-10-08 20:30:27,595 - basicLogger - INFO - Received 0 search readings
2025-10-08 20:30:29,665 - basicLogger - INFO - Received 0 purchase readings
2025-10-08 20:30:29,667 - basicLogger - DEBUG - Updated statistics: {'num_search_readings': 0, 'max_search_count': 0, 'num_purchase_readings': 0, 'max_purchase_count': 0, 'last_updated': '2025-10-08T20:30:25.527Z'}
2025-10-08 20:30:29,668 - basicLogger - INFO - Periodic processing ended
2025-10-08 20:30:30,509 - basicLogger - INFO - Periodic processing started
2025-10-08 20:30:32,585 - basicLogger - INFO - Received 0 search readings
2025-10-08 20:30:34,639 - basicLogger - INFO - Received 0 purchase readings
2025-10-08 20:30:34,640 - basicLogger - DEBUG - Updated statistics: {'num_search_readings': 0, 'max_search_count': 0, 'num_purchase_readings': 0, 'max_purchase_count': 0, 'last_updated': '2025-10-08T20:30:30.528Z'}
2025-10-08 20:30:34,640 - basicLogger - INFO - Periodic processing ended
2025-10-08 20:30:35,516 - basicLogger - INFO - Periodic processing started
2025-10-08 20:30:37,587 - basicLogger - INFO - Received 0 search readings
2025-10-08 20:30:39,640 - basicLogger - INFO - Received 0 purchase readings
2025-10-08 20:30:39,642 - basicLogger - DEBUG - Updated statistics: {'num_search_readings': 0, 'max_search_count': 0, 'num_purchase_readings': 0, 'max_purchase_count': 0, 'last_updated': '2025-10-08T20:30:35.537Z'}
2025-10-08 20:30:39,642 - basicLogger - INFO - Periodic processing ended
2025-10-08 20:30:40,504 - basicLogger - INFO - Periodic processing started
2025-10-08 20:30:42,574 - basicLogger - INFO - Received 0 search readings
2025-10-08 20:30:44,621 - basicLogger - INFO - Received 0 purchase readings
2025-10-08 20:30:44,624 - basicLogger - DEBUG - Updated statistics: {'num_search_readings': 0, 'max_search_count': 0, 'num_purchase_readings': 0, 'max_purchase_count': 0, 'last_updated': '2025-10-08T20:30:40.523Z'}
2025-10-08 20:30:44,624 - basicLogger - INFO - Periodic processing ended
2025-10-08 20:30:45,514 - basicLogger - INFO - Periodic processing started
2025-10-08 20:30:47,598 - basicLogger - INFO - Received 0 search readings
2025-10-08 20:30:49,640 - basicLogger - INFO - Received 0 purchase readings
2025-10-08 20:30:49,642 - basicLogger - DEBUG - Updated statistics: {'num_search_readings': 0, 'max_search_count': 0, 'num_purchase_readings': 0, 'max_purchase_count': 0, 'last_updated': '2025-10-08T20:30:45.538Z'}
2025-10-08 20:30:49,642 - basicLogger - INFO - Periodic processing ended
2025-10-08 20:30:50,503 - basicLogger - INFO - Periodic processing started
2025-10-08 20:30:52,564 - basicLogger - INFO - Received 0 search readings
2025-10-08 20:30:54,612 - basicLogger - INFO - Received 0 purchase readings
2025-10-08 20:30:54,614 - basicLogger - DEBUG - Updated statistics: {'num_search_readings': 0, 'max_search_count': 0, 'num_purchase_readings': 0, 'max_purchase_count': 0, 'last_updated': '2025-10-08T20:30:50.518Z'}
2025-10-08 20:30:54,614 - basicLogger - INFO - Periodic processing ended
2025-10-08 20:30:55,505 - basicLogger - INFO - Periodic processing started
2025-10-08 20:30:57,564 - basicLogger - INFO - Received 0 search readings
2025-10-08 20:30:59,623 - basicLogger - INFO - Received 0 purchase readings
2025-10-08 20:30:59,624 - basicLogger - DEBUG - Updated statistics: {'num_search_readings': 0, 'max_search_count': 0, 'num_purchase_readings': 0, 'max_purchase_count': 0, 'last_updated': '2025-10-08T20:30:55.526Z'}
2025-10-08 20:30:59,625 - basicLogger - INFO - Periodic processing ended
2025-10-08 20:31:00,504 - basicLogger - INFO - Periodic processing started
2025-10-08 20:31:02,576 - basicLogger - INFO - Received 0 search readings
2025-10-08 20:31:04,629 - basicLogger - INFO - Received 0 purchase readings
2025-10-08 20:31:04,631 - basicLogger - DEBUG - Updated statistics: {'num_search_readings': 0, 'max_search_count': 0, 'num_purchase_readings': 0, 'max_purchase_count': 0, 'last_updated': '2025-10-08T20:31:00.529Z'}
2025-10-08 20:31:04,632 - basicLogger - INFO - Periodic processing ended
2025-10-08 20:31:05,509 - basicLogger - INFO - Periodic processing started
2025-10-08 20:31:07,588 - basicLogger - INFO - Received 0 search readings
2025-10-08 20:31:09,657 - basicLogger - INFO - Received 0 purchase readings
2025-10-08 20:31:09,660 - basicLogger - DEBUG - Updated statistics: {'num_search_readings': 0, 'max_search_count': 0, 'num_purchase_readings': 0, 'max_purchase_count': 0, 'last_updated': '2025-10-08T20:31:05.526Z'}
2025-10-08 20:31:09,660 - basicLogger - INFO - Periodic processing ended
2025-10-08 20:31:10,510 - basicLogger - INFO - Periodic processing started
2025-10-08 20:31:12,585 - basicLogger - INFO - Received 0 search readings
2025-10-08 20:31:14,648 - basicLogger - INFO - Received 0 purchase readings
2025-10-08 20:31:14,649 - basicLogger - DEBUG - Updated statistics: {'num_search_readings': 0, 'max_search_count': 0, 'num_purchase_readings': 0, 'max_purchase_count': 0, 'last_updated': '2025-10-08T20:31:10.531Z'}
2025-10-08 20:31:14,651 - basicLogger - INFO - Periodic processing ended
2025-10-08 20:31:15,515 - basicLogger - INFO - Periodic processing started
2025-10-08 20:31:17,583 - basicLogger - INFO - Received 0 search readings
2025-10-08 20:31:19,657 - basicLogger - INFO - Received 0 purchase readings
2025-10-08 20:31:19,659 - basicLogger - DEBUG - Updated statistics: {'num_search_readings': 0, 'max_search_count': 0, 'num_purchase_readings': 0, 'max_purchase_count': 0, 'last_updated': '2025-10-08T20:31:15.536Z'}
2025-10-08 20:31:19,659 - basicLogger - INFO - Periodic processing ended
2025-10-08 20:31:20,517 - basicLogger - INFO - Periodic processing started
2025-10-08 20:31:22,575 - basicLogger - INFO - Received 0 search readings
2025-10-08 20:31:24,630 - basicLogger - INFO - Received 0 purchase readings
2025-10-08 20:31:24,631 - basicLogger - DEBUG - Updated statistics: {'num_search_readings': 0, 'max_search_count': 0, 'num_purchase_readings': 0, 'max_purchase_count': 0, 'last_updated': '2025-10-08T20:31:20.535Z'}
2025-10-08 20:31:24,632 - basicLogger - INFO - Periodic processing ended
2025-10-08 20:31:25,515 - basicLogger - INFO - Periodic processing started
2025-10-08 20:31:27,585 - basicLogger - INFO - Received 0 search readings
2025-10-08 20:31:29,642 - basicLogger - INFO - Received 0 purchase readings
2025-10-08 20:31:29,644 - basicLogger - DEBUG - Updated statistics: {'num_search_readings': 0, 'max_search_count': 0, 'num_purchase_readings': 0, 'max_purchase_count': 0, 'last_updated': '2025-10-08T20:31:25.529Z'}
2025-10-08 20:31:29,644 - basicLogger - INFO - Periodic processing ended
2025-10-08 20:31:30,508 - basicLogger - INFO - Periodic processing started
2025-10-08 20:31:32,574 - basicLogger - INFO - Received 0 search readings
2025-10-08 20:31:34,673 - basicLogger - INFO - Received 0 purchase readings
2025-10-08 20:31:34,674 - basicLogger - DEBUG - Updated statistics: {'num_search_readings': 0, 'max_search_count': 0, 'num_purchase_readings': 0, 'max_purchase_count': 0, 'last_updated': '2025-10-08T20:31:30.526Z'}
2025-10-08 20:31:34,674 - basicLogger - INFO - Periodic processing ended
2025-10-08 20:31:35,510 - basicLogger - INFO - Periodic processing started
2025-10-08 20:31:37,592 - basicLogger - INFO - Received 0 search readings
2025-10-08 20:31:39,665 - basicLogger - INFO - Received 0 purchase readings
2025-10-08 20:31:39,666 - basicLogger - DEBUG - Updated statistics: {'num_search_readings': 0, 'max_search_count': 0, 'num_purchase_readings': 0, 'max_purchase_count': 0, 'last_updated': '2025-10-08T20:31:35.524Z'}
2025-10-08 20:31:39,667 - basicLogger - INFO - Periodic processing ended
2025-10-08 20:31:40,506 - basicLogger - INFO - Periodic processing started
2025-10-08 20:31:42,571 - basicLogger - INFO - Received 0 search readings
2025-10-08 20:31:44,621 - basicLogger - INFO - Received 0 purchase readings
2025-10-08 20:31:44,623 - basicLogger - DEBUG - Updated statistics: {'num_search_readings': 0, 'max_search_count': 0, 'num_purchase_readings': 0, 'max_purchase_count': 0, 'last_updated': '2025-10-08T20:31:40.518Z'}
2025-10-08 20:31:44,623 - basicLogger - INFO - Periodic processing ended
2025-10-08 20:31:45,506 - basicLogger - INFO - Periodic processing started
2025-10-08 20:31:47,594 - basicLogger - INFO - Received 0 search readings
2025-10-08 20:31:49,652 - basicLogger - INFO - Received 0 purchase readings
2025-10-08 20:31:49,653 - basicLogger - DEBUG - Updated statistics: {'num_search_readings': 0, 'max_search_count': 0, 'num_purchase_readings': 0, 'max_purchase_count': 0, 'last_updated': '2025-10-08T20:31:45.527Z'}
2025-10-08 20:31:49,653 - basicLogger - INFO - Periodic processing ended
2025-10-08 20:31:50,510 - basicLogger - INFO - Periodic processing started
2025-10-08 20:31:52,577 - basicLogger - INFO - Received 0 search readings
2025-10-08 20:31:54,633 - basicLogger - INFO - Received 0 purchase readings
2025-10-08 20:31:54,634 - basicLogger - DEBUG - Updated statistics: {'num_search_readings': 0, 'max_search_count': 0, 'num_purchase_readings': 0, 'max_purchase_count': 0, 'last_updated': '2025-10-08T20:31:50.531Z'}
2025-10-08 20:31:54,635 - basicLogger - INFO - Periodic processing ended
2025-10-08 20:31:55,516 - basicLogger - INFO - Periodic processing started
2025-10-08 20:31:57,614 - basicLogger - INFO - Received 0 search readings
2025-10-08 20:31:59,673 - basicLogger - INFO - Received 0 purchase readings
2025-10-08 20:31:59,674 - basicLogger - DEBUG - Updated statistics: {'num_search_readings': 0, 'max_search_count': 0, 'num_purchase_readings': 0, 'max_purchase_count': 0, 'last_updated': '2025-10-08T20:31:55.547Z'}
2025-10-08 20:31:59,674 - basicLogger - INFO - Periodic processing ended
2025-10-08 20:32:00,516 - basicLogger - INFO - Periodic processing started
2025-10-08 20:32:02,586 - basicLogger - INFO - Received 0 search readings
2025-10-08 20:32:04,639 - basicLogger - INFO - Received 0 purchase readings
2025-10-08 20:32:04,641 - basicLogger - DEBUG - Updated statistics: {'num_search_readings': 0, 'max_search_count': 0, 'num_purchase_readings': 0, 'max_purchase_count': 0, 'last_updated': '2025-10-08T20:32:00.545Z'}
2025-10-08 20:32:04,641 - basicLogger - INFO - Periodic processing ended
2025-10-08 20:32:05,505 - basicLogger - INFO - Periodic processing started
2025-10-08 20:32:07,576 - basicLogger - INFO - Received 0 search readings
2025-10-08 20:32:09,635 - basicLogger - INFO - Received 0 purchase readings
2025-10-08 20:32:09,636 - basicLogger - DEBUG - Updated statistics: {'num_search_readings': 0, 'max_search_count': 0, 'num_purchase_readings': 0, 'max_purchase_count': 0, 'last_updated': '2025-10-08T20:32:05.520Z'}
2025-10-08 20:32:09,636 - basicLogger - INFO - Periodic processing ended
2025-10-08 20:32:10,508 - basicLogger - INFO - Periodic processing started
2025-10-08 20:32:12,576 - basicLogger - INFO - Received 0 search readings
2025-10-08 20:32:14,632 - basicLogger - INFO - Received 0 purchase readings
2025-10-08 20:32:14,633 - basicLogger - DEBUG - Updated statistics: {'num_search_readings': 0, 'max_search_count': 0, 'num_purchase_readings': 0, 'max_purchase_count': 0, 'last_updated': '2025-10-08T20:32:10.534Z'}
2025-10-08 20:32:14,633 - basicLogger - INFO - Periodic processing ended
2025-10-08 20:32:15,508 - basicLogger - INFO - Periodic processing started
2025-10-08 20:32:17,599 - basicLogger - INFO - Received 0 search readings
2025-10-08 20:32:19,654 - basicLogger - INFO - Received 0 purchase readings
2025-10-08 20:32:19,656 - basicLogger - DEBUG - Updated statistics: {'num_search_readings': 0, 'max_search_count': 0, 'num_purchase_readings': 0, 'max_purchase_count': 0, 'last_updated': '2025-10-08T20:32:15.531Z'}
2025-10-08 20:32:19,657 - basicLogger - INFO - Periodic processing ended
2025-10-08 20:32:20,517 - basicLogger - INFO - Periodic processing started
2025-10-08 20:32:22,599 - basicLogger - INFO - Received 0 search readings
2025-10-08 20:32:24,657 - basicLogger - INFO - Received 0 purchase readings
2025-10-08 20:32:24,658 - basicLogger - DEBUG - Updated statistics: {'num_search_readings': 0, 'max_search_count': 0, 'num_purchase_readings': 0, 'max_purchase_count': 0, 'last_updated': '2025-10-08T20:32:20.529Z'}
2025-10-08 20:32:24,659 - basicLogger - INFO - Periodic processing ended
2025-10-08 20:32:25,514 - basicLogger - INFO - Periodic processing started
2025-10-08 20:32:27,583 - basicLogger - INFO - Received 0 search readings
2025-10-08 20:32:29,639 - basicLogger - INFO - Received 0 purchase readings
2025-10-08 20:32:29,640 - basicLogger - DEBUG - Updated statistics: {'num_search_readings': 0, 'max_search_count': 0, 'num_purchase_readings': 0, 'max_purchase_count': 0, 'last_updated': '2025-10-08T20:32:25.533Z'}
2025-10-08 20:32:29,641 - basicLogger - INFO - Periodic processing ended
2025-10-08 20:32:30,512 - basicLogger - INFO - Periodic processing started
2025-10-08 20:32:32,583 - basicLogger - INFO - Received 0 search readings
2025-10-08 20:32:34,632 - basicLogger - INFO - Received 0 purchase readings
2025-10-08 20:32:34,633 - basicLogger - DEBUG - Updated statistics: {'num_search_readings': 0, 'max_search_count': 0, 'num_purchase_readings': 0, 'max_purchase_count': 0, 'last_updated': '2025-10-08T20:32:30.532Z'}
2025-10-08 20:32:34,633 - basicLogger - INFO - Periodic processing ended
2025-10-08 20:32:35,508 - basicLogger - INFO - Periodic processing started
2025-10-08 20:32:37,602 - basicLogger - INFO - Received 0 search readings
2025-10-08 20:32:39,669 - basicLogger - INFO - Received 0 purchase readings
2025-10-08 20:32:39,672 - basicLogger - DEBUG - Updated statistics: {'num_search_readings': 0, 'max_search_count': 0, 'num_purchase_readings': 0, 'max_purchase_count': 0, 'last_updated': '2025-10-08T20:32:35.533Z'}
2025-10-08 20:32:39,672 - basicLogger - INFO - Periodic processing ended
2025-10-08 20:32:40,506 - basicLogger - INFO - Periodic processing started
2025-10-08 20:32:42,575 - basicLogger - INFO - Received 0 search readings
2025-10-08 20:32:44,636 - basicLogger - INFO - Received 0 purchase readings
2025-10-08 20:32:44,639 - basicLogger - DEBUG - Updated statistics: {'num_search_readings': 0, 'max_search_count': 0, 'num_purchase_readings': 0, 'max_purchase_count': 0, 'last_updated': '2025-10-08T20:32:40.517Z'}
2025-10-08 20:32:44,640 - basicLogger - INFO - Periodic processing ended
2025-10-08 20:32:45,506 - basicLogger - INFO - Periodic processing started
2025-10-08 20:32:47,596 - basicLogger - INFO - Received 0 search readings
2025-10-08 20:32:49,654 - basicLogger - INFO - Received 0 purchase readings
2025-10-08 20:32:49,656 - basicLogger - DEBUG - Updated statistics: {'num_search_readings': 0, 'max_search_count': 0, 'num_purchase_readings': 0, 'max_purchase_count': 0, 'last_updated': '2025-10-08T20:32:45.533Z'}
2025-10-08 20:32:49,656 - basicLogger - INFO - Periodic processing ended
2025-10-08 20:32:50,511 - basicLogger - INFO - Periodic processing started
2025-10-08 20:32:52,583 - basicLogger - INFO - Received 0 search readings
2025-10-08 20:32:54,635 - basicLogger - INFO - Received 0 purchase readings
2025-10-08 20:32:54,637 - basicLogger - DEBUG - Updated statistics: {'num_search_readings': 0, 'max_search_count': 0, 'num_purchase_readings': 0, 'max_purchase_count': 0, 'last_updated': '2025-10-08T20:32:50.530Z'}
2025-10-08 20:32:54,637 - basicLogger - INFO - Periodic processing ended
2025-10-08 20:32:55,513 - basicLogger - INFO - Periodic processing started
2025-10-08 20:32:57,602 - basicLogger - INFO - Received 0 search readings
2025-10-08 20:32:59,654 - basicLogger - INFO - Received 0 purchase readings
2025-10-08 20:32:59,656 - basicLogger - DEBUG - Updated statistics: {'num_search_readings': 0, 'max_search_count': 0, 'num_purchase_readings': 0, 'max_purchase_count': 0, 'last_updated': '2025-10-08T20:32:55.538Z'}
2025-10-08 20:32:59,656 - basicLogger - INFO - Periodic processing ended
2025-10-08 20:33:00,512 - basicLogger - INFO - Periodic processing started
2025-10-08 20:33:02,596 - basicLogger - INFO - Received 0 search readings
2025-10-08 20:33:04,659 - basicLogger - INFO - Received 0 purchase readings
2025-10-08 20:33:04,661 - basicLogger - DEBUG - Updated statistics: {'num_search_readings': 0, 'max_search_count': 0, 'num_purchase_readings': 0, 'max_purchase_count': 0, 'last_updated': '2025-10-08T20:33:00.533Z'}
2025-10-08 20:33:04,661 - basicLogger - INFO - Periodic processing ended
2025-10-08 20:33:05,519 - basicLogger - INFO - Periodic processing started
2025-10-08 20:33:07,598 - basicLogger - INFO - Received 0 search readings
2025-10-08 20:33:09,657 - basicLogger - INFO - Received 0 purchase readings
2025-10-08 20:33:09,659 - basicLogger - DEBUG - Updated statistics: {'num_search_readings': 0, 'max_search_count': 0, 'num_purchase_readings': 0, 'max_purchase_count': 0, 'last_updated': '2025-10-08T20:33:05.543Z'}
2025-10-08 20:33:09,659 - basicLogger - INFO - Periodic processing ended
2025-10-08 20:33:10,512 - basicLogger - INFO - Periodic processing started
2025-10-08 20:33:12,591 - basicLogger - INFO - Received 0 search readings
2025-10-08 20:33:14,646 - basicLogger - INFO - Received 0 purchase readings
2025-10-08 20:33:14,648 - basicLogger - DEBUG - Updated statistics: {'num_search_readings': 0, 'max_search_count': 0, 'num_purchase_readings': 0, 'max_purchase_count': 0, 'last_updated': '2025-10-08T20:33:10.534Z'}
2025-10-08 20:33:14,648 - basicLogger - INFO - Periodic processing ended
2025-10-08 20:33:15,514 - basicLogger - INFO - Periodic processing started
2025-10-08 20:33:17,589 - basicLogger - INFO - Received 0 search readings
